[debug] [2018-09-22T23:40:06.506Z] ----------------------------------------------------------------------
[debug] [2018-09-22T23:40:06.508Z] Command:       /usr/local/bin/node /usr/local/bin/firebase serve
[debug] [2018-09-22T23:40:06.509Z] CLI Version:   4.2.1
[debug] [2018-09-22T23:40:06.509Z] Platform:      darwin
[debug] [2018-09-22T23:40:06.509Z] Node Version:  v10.7.0
[debug] [2018-09-22T23:40:06.509Z] Time:          Sun Sep 23 2018 09:40:06 GMT+1000 (Australian Eastern Standard Time)
[debug] [2018-09-22T23:40:06.510Z] ----------------------------------------------------------------------
[debug] 
[debug] [2018-09-22T23:40:06.519Z] > command requires scopes: ["email","openid","https://www.googleapis.com/auth/cloudplatformprojects.readonly","https://www.googleapis.com/auth/firebase","https://www.googleapis.com/auth/cloud-platform"]
[debug] [2018-09-22T23:40:06.519Z] > authorizing via signed-in user
[debug] [2018-09-22T23:40:06.521Z] >>> HTTP REQUEST GET https://admin.firebase.com/v1/projects/emplymentsurvey  
 
[debug] [2018-09-22T23:40:07.404Z] <<< HTTP RESPONSE 200
[debug] [2018-09-22T23:40:07.405Z] >>> HTTP REQUEST GET https://cloudresourcemanager.googleapis.com/v1/projects/emplymentsurvey  
 
[debug] [2018-09-22T23:40:09.050Z] <<< HTTP RESPONSE 200
[info] 
[info] === Serving from '/Users/prakash/Desktop/djmcampus'...
[info] 
[debug] [2018-09-22T23:40:09.053Z] >>> HTTP REQUEST GET https://mobilesdk-pa.googleapis.com/v1/projects/513797163782/clients/_:getWebAppConfig  
 
[debug] [2018-09-22T23:40:10.237Z] <<< HTTP RESPONSE 200
[info] i  hosting[emplymentsurvey]: Serving hosting files from: public
[info] ✔  hosting[emplymentsurvey]: Local server: http://localhost:5000
